c:\users\egg.desktop-pskgfc2\desktop\db_minisql\minisql\minisql\x64\debug\vc141.pdb
c:\users\egg.desktop-pskgfc2\desktop\db_minisql\minisql\minisql\x64\debug\vc141.idb
c:\users\egg.desktop-pskgfc2\desktop\db_minisql\minisql\minisql\x64\debug\recordmanager.obj
c:\users\egg.desktop-pskgfc2\desktop\db_minisql\minisql\minisql\x64\debug\main.obj
c:\users\egg.desktop-pskgfc2\desktop\db_minisql\minisql\minisql\x64\debug\interpreter.obj
c:\users\egg.desktop-pskgfc2\desktop\db_minisql\minisql\minisql\x64\debug\indexmanager.obj
c:\users\egg.desktop-pskgfc2\desktop\db_minisql\minisql\minisql\x64\debug\catalogmanager.obj
c:\users\egg.desktop-pskgfc2\desktop\db_minisql\minisql\minisql\x64\debug\buffermanager.obj
c:\users\egg.desktop-pskgfc2\desktop\db_minisql\minisql\minisql\x64\debug\api.obj
c:\users\egg.desktop-pskgfc2\desktop\db_minisql\minisql\x64\debug\minisql.pdb
c:\users\egg.desktop-pskgfc2\desktop\db_minisql\minisql\minisql\x64\debug\minisql.tlog\cl.command.1.tlog
c:\users\egg.desktop-pskgfc2\desktop\db_minisql\minisql\minisql\x64\debug\minisql.tlog\cl.read.1.tlog
c:\users\egg.desktop-pskgfc2\desktop\db_minisql\minisql\minisql\x64\debug\minisql.tlog\cl.write.1.tlog
c:\users\egg.desktop-pskgfc2\desktop\db_minisql\minisql\minisql\x64\debug\minisql.tlog\link-cvtres.read.1.tlog
c:\users\egg.desktop-pskgfc2\desktop\db_minisql\minisql\minisql\x64\debug\minisql.tlog\link-cvtres.write.1.tlog
c:\users\egg.desktop-pskgfc2\desktop\db_minisql\minisql\minisql\x64\debug\minisql.tlog\link-rc.read.1.tlog
c:\users\egg.desktop-pskgfc2\desktop\db_minisql\minisql\minisql\x64\debug\minisql.tlog\link-rc.write.1.tlog
c:\users\egg.desktop-pskgfc2\desktop\db_minisql\minisql\minisql\x64\debug\minisql.tlog\link.command.1.tlog
c:\users\egg.desktop-pskgfc2\desktop\db_minisql\minisql\minisql\x64\debug\minisql.tlog\link.read.1.tlog
c:\users\egg.desktop-pskgfc2\desktop\db_minisql\minisql\minisql\x64\debug\minisql.tlog\link.write.1.tlog
