  CatalogManager.cpp
C:\Users\Routhleck\Documents\GitHub\QT_DBMS\miniSQL\src\IndexManager.h(1,1): warning C4819: 该文件包含不能在当前代码页(936)中表示的字符。请将该文件保存为 Unicode 格式以防止数据丢失
C:\Users\Routhleck\Documents\GitHub\QT_DBMS\miniSQL\src\CatalogManager.cpp(112,7): warning C4996: 'fopen': This function or variable may be unsafe. Consider using fopen_s instead. To disable deprecation, use _CRT_SECURE_NO_WARNINGS. See online help for details.
C:\Users\Routhleck\Documents\GitHub\QT_DBMS\miniSQL\src\CatalogManager.cpp(126,6): warning C4996: 'access': The POSIX name for this item is deprecated. Instead, use the ISO C and C++ conformant name: _access. See online help for details.
C:\Users\Routhleck\Documents\GitHub\QT_DBMS\miniSQL\src\CatalogManager.cpp(339,44): warning C4267: “=”: 从“size_t”转换到“char”，可能丢失数据
C:\Users\Routhleck\Documents\GitHub\QT_DBMS\miniSQL\src\CatalogManager.cpp(320,7): warning C4996: 'fopen': This function or variable may be unsafe. Consider using fopen_s instead. To disable deprecation, use _CRT_SECURE_NO_WARNINGS. See online help for details.
  RecordManager.cpp
C:\Users\Routhleck\Documents\GitHub\QT_DBMS\miniSQL\src\IndexManager.h(1,1): warning C4819: 该文件包含不能在当前代码页(936)中表示的字符。请将该文件保存为 Unicode 格式以防止数据丢失
C:\Users\Routhleck\Documents\GitHub\QT_DBMS\miniSQL\src\RecordManager.cpp(23,10): warning C4996: 'fopen': This function or variable may be unsafe. Consider using fopen_s instead. To disable deprecation, use _CRT_SECURE_NO_WARNINGS. See online help for details.
C:\Users\Routhleck\Documents\GitHub\QT_DBMS\miniSQL\src\RecordManager.cpp(61,10): warning C4996: 'fopen': This function or variable may be unsafe. Consider using fopen_s instead. To disable deprecation, use _CRT_SECURE_NO_WARNINGS. See online help for details.
C:\Users\Routhleck\Documents\GitHub\QT_DBMS\miniSQL\src\RecordManager.cpp(168,38): warning C4018: “<”: 有符号/无符号不匹配
C:\Users\Routhleck\Documents\GitHub\QT_DBMS\miniSQL\src\RecordManager.cpp(230,49): warning C4018: “<”: 有符号/无符号不匹配
C:\Users\Routhleck\Documents\GitHub\QT_DBMS\miniSQL\src\RecordManager.cpp(289,48): warning C4018: “<”: 有符号/无符号不匹配
C:\Users\Routhleck\Documents\GitHub\QT_DBMS\miniSQL\src\RecordManager.cpp(296,78): warning C4018: “<”: 有符号/无符号不匹配
C:\Users\Routhleck\Documents\GitHub\QT_DBMS\miniSQL\src\RecordManager.cpp(356,49): warning C4018: “<”: 有符号/无符号不匹配
C:\Users\Routhleck\Documents\GitHub\QT_DBMS\miniSQL\src\RecordManager.cpp(530,35): warning C4018: “<”: 有符号/无符号不匹配
C:\Users\Routhleck\Documents\GitHub\QT_DBMS\miniSQL\src\RecordManager.cpp(570,26): warning C4267: “=”: 从“size_t”转换到“int”，可能丢失数据
C:\Users\Routhleck\Documents\GitHub\QT_DBMS\miniSQL\src\RecordManager.cpp(580,27): warning C4267: “=”: 从“size_t”转换到“int”，可能丢失数据
C:\Users\Routhleck\Documents\GitHub\QT_DBMS\miniSQL\src\RecordManager.cpp(586,26): warning C4267: “=”: 从“size_t”转换到“int”，可能丢失数据
  正在生成代码...
  LINK : 没有找到 C:\Users\Routhleck\Documents\GitHub\QT_DBMS\miniSQL\x64\Debug\Minisql.exe 或上一个增量链接没有生成它；正在执行完全链接
  Minisql.vcxproj -> C:\Users\Routhleck\Documents\GitHub\QT_DBMS\miniSQL\x64\Debug\Minisql.exe
